MPRINT(EM_DIAGRAM):    data _null_;
MPRINT(EM_DIAGRAM):   call symput('NLDATE', strip(put(date(), NLDATE.)));
MPRINT(EM_DIAGRAM):   call symput('NLTIME', strip(put(datetime(), NLTIME.)));
MPRINT(EM_DIAGRAM):   run;
MPRINT(EM_DIAGRAM):   data _null_;
MPRINT(EM_DIAGRAM):   nldate= sasmsg("sashelp.dmine", "log_date_note", 'N', "06 August 2022" );
MPRINT(EM_DIAGRAM):   nltime= sasmsg("sashelp.dmine", "log_time_note", 'N', "19:45:26" );
MPRINT(EM_DIAGRAM):   put "*------------------------------------------------------------*";
MPRINT(EM_DIAGRAM):   put "* Training Log";
MPRINT(EM_DIAGRAM):   put nldate;
MPRINT(EM_DIAGRAM):   put nltime;
MPRINT(EM_DIAGRAM):   put "*------------------------------------------------------------*";
MPRINT(EM_DIAGRAM):   run;
*------------------------------------------------------------*
* Training Log
Date:                06 August 2022
Time:                19:45:26
*------------------------------------------------------------*
MPRINT(EM_DIAGRAM):    filename O0FLB3M1 "C:\Users\RAHUL AGARWAL\Desktop\new\Workspaces\EMWS1\Impt\EMTRAIN.out" encoding="UTF-8" NOBOM;
MPRINT(EM_DIAGRAM):   proc printto print=O0FLB3M1 new;
MPRINT(EM_DIAGRAM):   run;
MPRINT(EM_DIAGRAM):    filename _LOG "C:\Users\RAHUL AGARWAL\Desktop\new\Workspaces\EMWS1\Impt\EMLOG.log" encoding="UTF-8" NOBOM;
MPRINT(EM_DIAGRAM):    data _null_;
MPRINT(EM_DIAGRAM):   call symput('NLDATE', strip(put(date(), NLDATE.)));
MPRINT(EM_DIAGRAM):   call symput('NLTIME', strip(put(datetime(), NLTIME.)));
MPRINT(EM_DIAGRAM):   run;
MPRINT(EM_DIAGRAM):   data _null_;
MPRINT(EM_DIAGRAM):   nldate= sasmsg("sashelp.dmine", "log_date_note", 'N', "06 August 2022" );
MPRINT(EM_DIAGRAM):   nltime= sasmsg("sashelp.dmine", "log_time_note", 'N', "19:45:26" );
MPRINT(EM_DIAGRAM):   file _LOG;
MPRINT(EM_DIAGRAM):   put "*------------------------------------------------------------*";
MPRINT(EM_DIAGRAM):   put "User:                RAHUL AGARWAL";
MPRINT(EM_DIAGRAM):   put nldate;
MPRINT(EM_DIAGRAM):   put nltime;
MPRINT(EM_DIAGRAM):   put "Site:                70192439";
MPRINT(EM_DIAGRAM):   put "Platform:            X64_8HOME";
MPRINT(EM_DIAGRAM):   put "Maintenance Release: 9.04.01M3P062415";
MPRINT(EM_DIAGRAM):   put "EM Version:          14.1";
MPRINT(EM_DIAGRAM):   put "* ";
MPRINT(EM_DIAGRAM):   run;
MPRINT(EM_DIAGRAM):    filename _LOGIN "C:\Users\RAHUL AGARWAL\Desktop\new\Workspaces\EMWS1\Impt\EMTRAIN.log" encoding="UTF-8" NOBOM;
MPRINT(EM_COPYFILE):   data _null_;
MPRINT(EM_COPYFILE):   length line $20000;
MPRINT(EM_COPYFILE):   file _LOG MOD lrecl=20000;
MPRINT(EM_COPYFILE):   fid=fopen("_LOGIN",'i',20000,'v');
MPRINT(EM_COPYFILE):   if fid > 0 then do;
MPRINT(EM_COPYFILE):   do while(^fread(fid));
MPRINT(EM_COPYFILE):   rlen = frlen(fid);
MPRINT(EM_COPYFILE):   rc= fget(fid,line,20000);
MPRINT(EM_COPYFILE):   start = length(line)-length(left(line))+1;
MPRINT(EM_COPYFILE):   line=strip(line);
MPRINT(EM_COPYFILE):   put @start line;
MPRINT(EM_COPYFILE):   end;
MPRINT(EM_COPYFILE):   if fid > 0 then rc=fclose(fid);
MPRINT(EM_COPYFILE):   end;
MPRINT(EM_COPYFILE):   run;
MPRINT(EM_DIAGRAM):  ;
MPRINT(EM_DIAGRAM):   filename _LOGIN;
MPRINT(EM_DIAGRAM):    data _null_;
MPRINT(EM_DIAGRAM):   file _LOG mod;
MPRINT(EM_DIAGRAM):   put _page_;
MPRINT(EM_DIAGRAM):   run;
MPRINT(EM_DIAGRAM):   filename _LOGIN "C:\Users\RAHUL AGARWAL\Desktop\new\Workspaces\EMWS1\Impt\EMSCORE.log" encoding="UTF-8" NOBOM;
MPRINT(EM_DIAGRAM):  ;
MPRINT(EM_DIAGRAM):   data _null_;
MPRINT(EM_DIAGRAM):   file _LOG mod;
MPRINT(EM_DIAGRAM):   put _page_;
MPRINT(EM_DIAGRAM):   run;
MPRINT(EM_DIAGRAM):    filename _LOGIN "C:\Users\RAHUL AGARWAL\Desktop\new\Workspaces\EMWS1\Impt\EMREPORT.log" encoding="UTF-8" NOBOM;
MPRINT(EM_DIAGRAM):  ;
MPRINT(EM_DIAGRAM):   filename _LOGIN;
MPRINT(EM_DIAGRAM):    filename _LOG;
MPRINT(EM_DIAGRAM):    filename _OUT "C:\Users\RAHUL AGARWAL\Desktop\new\Workspaces\EMWS1\Impt\EMOUTPUT.out" encoding="UTF-8" NOBOM;
MPRINT(EM_DIAGRAM):    data _null_;
MPRINT(EM_DIAGRAM):   call symput('NLDATE', strip(put(date(), NLDATE.)));
MPRINT(EM_DIAGRAM):   call symput('NLTIME', strip(put(datetime(), NLTIME.)));
MPRINT(EM_DIAGRAM):   run;
MPRINT(EM_DIAGRAM):   data _null_;
MPRINT(EM_DIAGRAM):   nldate= sasmsg("sashelp.dmine", "log_date_note", 'N', "06 August 2022" );
MPRINT(EM_DIAGRAM):   nltime= sasmsg("sashelp.dmine", "log_time_note", 'N', "19:45:26" );
MPRINT(EM_DIAGRAM):   file _OUT;
MPRINT(EM_DIAGRAM):   put "*------------------------------------------------------------*";
MPRINT(EM_DIAGRAM):   put "User:                RAHUL AGARWAL";
MPRINT(EM_DIAGRAM):   put nldate;
MPRINT(EM_DIAGRAM):   put nltime;
MPRINT(EM_DIAGRAM):   put "*------------------------------------------------------------*";
MPRINT(EM_DIAGRAM):   put "* Training Output";
MPRINT(EM_DIAGRAM):   put "*------------------------------------------------------------*";
MPRINT(EM_DIAGRAM):   run;
MPRINT(EM_DIAGRAM):    filename _OUTIN "C:\Users\RAHUL AGARWAL\Desktop\new\Workspaces\EMWS1\Impt\EMTRAIN.out" encoding="UTF-8" NOBOM;
MPRINT(EM_DIAGRAM):   ;
MPRINT(EM_COPYFILE):   data _null_;
MPRINT(EM_COPYFILE):   length line $20000;
MPRINT(EM_COPYFILE):   file _OUT MOD lrecl=20000;
MPRINT(EM_COPYFILE):   fid=fopen("_OUTIN",'i',20000,'v');
MPRINT(EM_COPYFILE):   if fid > 0 then do;
MPRINT(EM_COPYFILE):   do while(^fread(fid));
MPRINT(EM_COPYFILE):   rlen = frlen(fid);
MPRINT(EM_COPYFILE):   rc= fget(fid,line,20000);
MPRINT(EM_COPYFILE):   start = length(line)-length(left(line))+1;
MPRINT(EM_COPYFILE):   line=strip(line);
MPRINT(EM_COPYFILE):   put @start line;
MPRINT(EM_COPYFILE):   end;
MPRINT(EM_COPYFILE):   if fid > 0 then rc=fclose(fid);
MPRINT(EM_COPYFILE):   end;
MPRINT(EM_COPYFILE):   run;
MPRINT(EM_DIAGRAM):  ;
MPRINT(EM_DIAGRAM):   filename _OUTIN;
MPRINT(EM_DIAGRAM):    data _null_;
MPRINT(EM_DIAGRAM):   file _OUT mod;
MPRINT(EM_DIAGRAM):   put _page_;
MPRINT(EM_DIAGRAM):   put // "*------------------------------------------------------------*";
MPRINT(EM_DIAGRAM):   put "* Score Output";
MPRINT(EM_DIAGRAM):   put "*------------------------------------------------------------*";
MPRINT(EM_DIAGRAM):   run;
MPRINT(EM_DIAGRAM):    filename _OUTIN "C:\Users\RAHUL AGARWAL\Desktop\new\Workspaces\EMWS1\Impt\EMSCORE.out" encoding="UTF-8" NOBOM;
MPRINT(EM_DIAGRAM):  ;
MPRINT(EM_DIAGRAM):   filename _OUTIN;
MPRINT(EM_DIAGRAM):    data _null_;
MPRINT(EM_DIAGRAM):   file _OUT mod;
MPRINT(EM_DIAGRAM):   put _page_;
MPRINT(EM_DIAGRAM):   put // "*------------------------------------------------------------*";
MPRINT(EM_DIAGRAM):   put "* Report Output";
MPRINT(EM_DIAGRAM):   put "*------------------------------------------------------------*";
MPRINT(EM_DIAGRAM):   run;
MPRINT(EM_DIAGRAM):    filename _OUTIN "C:\Users\RAHUL AGARWAL\Desktop\new\Workspaces\EMWS1\Impt\EMREPORT.out" encoding="UTF-8" NOBOM;
MPRINT(EM_DIAGRAM):  ;
MPRINT(EM_DIAGRAM):   filename _OUTIN;
MPRINT(EM_DIAGRAM):    filename _OUT;
MPRINT(EM_DIAGRAM):    filename _emtool_ 'C:\Users\RAHUL AGARWAL\Desktop\new\Workspaces\EMWS1\Impt\EMRUNSTATUS.xml' encoding="UTF-8" NOBOM;
21372      proc freq data=EMWS1.Impt_VariableSet noprint;
MPRINT(EM_DIAGRAM):    proc freq data=EMWS1.Impt_VariableSet noprint;
21373      table ROLE*LEVEL/out=WORK.ImptMETA;
MPRINT(EM_DIAGRAM):   table ROLE*LEVEL/out=WORK.ImptMETA;
21374      run;
MPRINT(EM_DIAGRAM):   run;

NOTE: There were 10 observations read from the data set EMWS1.IMPT_VARIABLESET.
NOTE: The data set WORK.IMPTMETA has 3 observations and 4 variables.
NOTE: PROCEDURE FREQ used (Total process time):
      real time           0.03 seconds
      cpu time            0.01 seconds
      

21375      proc print data=WORK.ImptMETA label noobs;
MPRINT(EM_DIAGRAM):   proc print data=WORK.ImptMETA label noobs;
21376      var ROLE LEVEL COUNT;
MPRINT(EM_DIAGRAM):   var ROLE LEVEL COUNT;
21377      label ROLE = "%sysfunc(sasmsg(sashelp.dmine, meta_role_vlabel, NOQUOTE))" LEVEL = "%sysfunc(sasmsg(sashelp.dmine, meta_level_vlabel, NOQUOTE))" COUNT = "%sysfunc(sasmsg(sashelp.dmine, rpt_count_vlabel, NOQUOTE))";
MPRINT(EM_DIAGRAM):   label ROLE = "Role" LEVEL = "Measurement Level" COUNT = "Frequency Count";
21378      title9 ' ';
MPRINT(EM_DIAGRAM):   title9 ' ';
21379      title10 "%sysfunc(sasmsg(sashelp.dmine, rpt_varSummary_title  , NOQUOTE))";
MPRINT(EM_DIAGRAM):   title10 "Variable Summary";
MPRINT(EM_DIAGRAM):   run;
21380      run;

NOTE: There were 3 observations read from the data set WORK.IMPTMETA.
NOTE: The PROCEDURE PRINT printed page 1.
NOTE: PROCEDURE PRINT used (Total process time):
      real time           0.03 seconds
      cpu time            0.03 seconds
      

21381      title10;
MPRINT(EM_DIAGRAM):   title10;
MPRINT(EM_DIAGRAM):    *------------------------------------------------------------*;
MPRINT(EM_DIAGRAM):   * Impt: Preparing metadata for training;
MPRINT(EM_DIAGRAM):   ;
MPRINT(EM_DIAGRAM):   *------------------------------------------------------------*;
MPRINT(EM_DIAGRAM):   data WORK.M373Z5ZR;
MPRINT(EM_DIAGRAM):   set WORK.M373Z5ZR;
MPRINT(EM_DIAGRAM):   where(use = 'Y' or (ROLE ne 'REJECTED' and USE = 'D'));
MPRINT(EM_DIAGRAM):   if (role = 'REJECTED') then role = 'INPUT';
MPRINT(EM_DIAGRAM):   if role = 'INPUT' and METHOD='DEFAULT' then do;
MPRINT(EM_DIAGRAM):   if level ne 'INTERVAL' then METHOD = "COUNT";
MPRINT(EM_DIAGRAM):   else METHOD = "MEAN";
MPRINT(EM_DIAGRAM):   end;
MPRINT(EM_DIAGRAM):   else if role = 'TARGET' and METHOD='DEFAULT' then do;
MPRINT(EM_DIAGRAM):   if level ne 'INTERVAL' then METHOD = "NONE";
MPRINT(EM_DIAGRAM):   else METHOD = "NONE";
MPRINT(EM_DIAGRAM):   end;
MPRINT(EM_DIAGRAM):   run;
21399      data WORK.Impt_TREEINPUTS;
MPRINT(EM_DIAGRAM):    data WORK.Impt_TREEINPUTS;
21400      set WORK.M2G3YFE3;
MPRINT(EM_DIAGRAM):   set WORK.M2G3YFE3;
21401      if ROLE ne 'FREQ' then do;
MPRINT(EM_DIAGRAM):   if ROLE ne 'FREQ' then do;
21402      if ((ROLE in('TARGET','REJECTED') and useTree='D') or useTree='N') then delete;
MPRINT(EM_DIAGRAM):   if ((ROLE in('TARGET','REJECTED') and useTree='D') or useTree='N') then delete;
21403      ROLE = 'INPUT';
MPRINT(EM_DIAGRAM):   ROLE = 'INPUT';
21404      end;
MPRINT(EM_DIAGRAM):   end;
21405      run;
MPRINT(EM_DIAGRAM):   run;

NOTE: There were 10 observations read from the data set WORK.M2G3YFE3.
NOTE: The data set WORK.IMPT_TREEINPUTS has 9 observations and 23 variables.
NOTE: DATA statement used (Total process time):
      real time           0.01 seconds
      cpu time            0.01 seconds
      

21406      data WORK.M2G3YFE3;
MPRINT(EM_DIAGRAM):   data WORK.M2G3YFE3;
21407      set WORK.M2G3YFE3;
MPRINT(EM_DIAGRAM):   set WORK.M2G3YFE3;
21408      if METHOD in("TREE", "TREESURR") then role = 'TARGET';
MPRINT(EM_DIAGRAM):   if METHOD in("TREE", "TREESURR") then role = 'TARGET';
21409      else if (role = 'REJECTED') then role = 'INPUT';
MPRINT(EM_DIAGRAM):   else if (role = 'REJECTED') then role = 'INPUT';
21410      run;
MPRINT(EM_DIAGRAM):   run;

NOTE: There were 10 observations read from the data set WORK.M2G3YFE3.
NOTE: The data set WORK.M2G3YFE3 has 10 observations and 23 variables.
NOTE: DATA statement used (Total process time):
      real time           0.01 seconds
      cpu time            0.01 seconds
      

21411      *------------------------------------------------------------* ;
MPRINT(EM_DIAGRAM):    *------------------------------------------------------------* ;
21412      * Impt: DMDBClass Macro ;
MPRINT(EM_DIAGRAM):   * Impt: DMDBClass Macro ;
21413      *------------------------------------------------------------* ;
MPRINT(EM_DIAGRAM):   *------------------------------------------------------------* ;
21414      %macro DMDBClass;
21415          Class(DESC) age(ASC) breast(ASC) breast_quad(ASC) inv_nodes(ASC) irradiat(ASC)
21416         menopause(ASC) node_caps(ASC) tumor_size(ASC)
21417      %mend DMDBClass;
21418      *------------------------------------------------------------* ;
MPRINT(EM_DIAGRAM):   *------------------------------------------------------------* ;
21419      * Impt: DMDBVar Macro ;
MPRINT(EM_DIAGRAM):   * Impt: DMDBVar Macro ;
21420      *------------------------------------------------------------* ;
MPRINT(EM_DIAGRAM):   *------------------------------------------------------------* ;
21421      %macro DMDBVar;
21422          deg_malig
21423      %mend DMDBVar;
21424      *------------------------------------------------------------*;
MPRINT(EM_DIAGRAM):   *------------------------------------------------------------*;
21425      * Impt: Create DMDB;
MPRINT(EM_DIAGRAM):   * Impt: Create DMDB;
21426      *------------------------------------------------------------*;
MPRINT(EM_DIAGRAM):   *------------------------------------------------------------*;
21427      proc dmdb batch data=EMWS1.Part_TRAIN
21428      dmdbcat=WORK.Impt_DMDB
21429      classout=WORK.Impt_DMDBCLASSOUT
21430      varout=WORK.IMPUTE_3JXAN9X_DMDBVAROUT
21431      maxlevel = 513
21432      ;
MPRINT(EM_DIAGRAM):   proc dmdb batch data=EMWS1.Part_TRAIN dmdbcat=WORK.Impt_DMDB classout=WORK.Impt_DMDBCLASSOUT varout=WORK.IMPUTE_3JXAN9X_DMDBVAROUT maxlevel = 513 ;
MPRINT(EM_DIAGRAM):   class
21433      class %DMDBClass;
MPRINT(DMDBCLASS):   Class(DESC) age(ASC) breast(ASC) breast_quad(ASC) inv_nodes(ASC) irradiat(ASC) menopause(ASC) node_caps(ASC) tumor_size(ASC)
MPRINT(EM_DIAGRAM):  ;
MPRINT(EM_DIAGRAM):   var
21434      var %DMDBVar;
MPRINT(DMDBVAR):   deg_malig
MPRINT(EM_DIAGRAM):  ;
21435      target
21436      Class
21437      ;
MPRINT(EM_DIAGRAM):   target Class ;
21438      run;
MPRINT(EM_DIAGRAM):   run;

NOTE: Records processed = 199   Memory used = 511K.
NOTE: There were 199 observations read from the data set EMWS1.PART_TRAIN.
NOTE: The data set WORK.IMPT_DMDBCLASSOUT has 42 observations and 9 variables.
NOTE: The data set WORK.IMPUTE_3JXAN9X_DMDBVAROUT has 1 observations and 9 variables.
NOTE: PROCEDURE DMDB used (Total process time):
      real time           0.01 seconds
      cpu time            0.00 seconds
      

MPRINT(EM_DIAGRAM):   quit;
MPRINT(EM_DIAGRAM):   *--- end code ---*;
21439      quit;
21440      *--- end code ---*;

21441      proc sort data=WORK.Impt_DMDBCLASSOUT;
MPRINT(EM_DIAGRAM):    proc sort data=WORK.Impt_DMDBCLASSOUT;
21442      by NAME;
MPRINT(EM_DIAGRAM):   by NAME;
21443      run;
MPRINT(EM_DIAGRAM):   run;

NOTE: There were 42 observations read from the data set WORK.IMPT_DMDBCLASSOUT.
NOTE: The data set WORK.IMPT_DMDBCLASSOUT has 42 observations and 9 variables.
NOTE: PROCEDURE SORT used (Total process time):
      real time           0.00 seconds
      cpu time            0.00 seconds
      

21444      data WORK.Impt_DMDBCLASSOUT;
MPRINT(EM_DIAGRAM):   data WORK.Impt_DMDBCLASSOUT;
21445      retain missFlag;
MPRINT(EM_DIAGRAM):   retain missFlag;
21446      set WORK.Impt_DMDBCLASSOUT;
MPRINT(EM_DIAGRAM):   set WORK.Impt_DMDBCLASSOUT;
21447      by NAME;
MPRINT(EM_DIAGRAM):   by NAME;
21448      output;
MPRINT(EM_DIAGRAM):   output;
21449      if first.name then missflag = 0;
MPRINT(EM_DIAGRAM):   if first.name then missflag = 0;
21450      if (TYPE='C' and CRAW='') or (TYPE='N' and NRAW=.) then missflag = 1;
MPRINT(EM_DIAGRAM):   if (TYPE='C' and CRAW='') or (TYPE='N' and NRAW=.) then missflag = 1;
21451      if last.name and ^missFlag then do;
MPRINT(EM_DIAGRAM):   if last.name and ^missFlag then do;
21452      if type = 'C' then do;
MPRINT(EM_DIAGRAM):   if type = 'C' then do;
21453      LEVEL= '';
MPRINT(EM_DIAGRAM):   LEVEL= '';
21454      CRAW = '';
MPRINT(EM_DIAGRAM):   CRAW = '';
21455      NRAW = .;
MPRINT(EM_DIAGRAM):   NRAW = .;
21456      end;
MPRINT(EM_DIAGRAM):   end;
21457      else do;
MPRINT(EM_DIAGRAM):   else do;
21458      LEVEL='.';
MPRINT(EM_DIAGRAM):   LEVEL='.';
21459      CRAW = '.';
MPRINT(EM_DIAGRAM):   CRAW = '.';
21460      NRAW= .;
MPRINT(EM_DIAGRAM):   NRAW= .;
21461      end;
MPRINT(EM_DIAGRAM):   end;
21462      FREQUENCY = 0;
MPRINT(EM_DIAGRAM):   FREQUENCY = 0;
21463      FREQPERCENT = 0;
MPRINT(EM_DIAGRAM):   FREQPERCENT = 0;
21464      NMISSPERCENT = 0;
MPRINT(EM_DIAGRAM):   NMISSPERCENT = 0;
21465      output;
MPRINT(EM_DIAGRAM):   output;
21466      end;
MPRINT(EM_DIAGRAM):   end;
21467      run;
MPRINT(EM_DIAGRAM):   run;

NOTE: There were 42 observations read from the data set WORK.IMPT_DMDBCLASSOUT.
NOTE: The data set WORK.IMPT_DMDBCLASSOUT has 51 observations and 10 variables.
NOTE: DATA statement used (Total process time):
      real time           0.14 seconds
      cpu time            0.00 seconds
      

21468      data WORK.Impt_MISS(KEEP=NAME NMISS PERCENTMISS);
MPRINT(EM_DIAGRAM):    data WORK.Impt_MISS(KEEP=NAME NMISS PERCENTMISS);
21469      length NAME $32;
MPRINT(EM_DIAGRAM):   length NAME $32;
21470      set
21471      WORK.Impt_DMDBCLASSOUT(rename=(freqpercent=PERCENTMISS frequency=NMISS) where=((TYPE='C' and CRAW='') or (TYPE='N' and NRAW=.)))
21472      WORK.IMPUTE_3JXAN9X_DMDBVAROUT
21473      ;
MPRINT(EM_DIAGRAM):   set WORK.Impt_DMDBCLASSOUT(rename=(freqpercent=PERCENTMISS frequency=NMISS) where=((TYPE='C' and CRAW='') or (TYPE='N' and NRAW=.))) WORK.IMPUTE_3JXAN9X_DMDBVAROUT ;
21474      if (NMISS ne . and N ne .) then PERCENTMISS = (NMISS/(NMISS+N))*100;
MPRINT(EM_DIAGRAM):   if (NMISS ne . and N ne .) then PERCENTMISS = (NMISS/(NMISS+N))*100;
21475      run;
MPRINT(EM_DIAGRAM):   run;

NOTE: There were 9 observations read from the data set WORK.IMPT_DMDBCLASSOUT.
      WHERE ((TYPE='C') and (CRAW=' ')) or ((TYPE='N') and (NRAW=.));
NOTE: There were 1 observations read from the data set WORK.IMPUTE_3JXAN9X_DMDBVAROUT.
NOTE: The data set WORK.IMPT_MISS has 10 observations and 3 variables.
NOTE: DATA statement used (Total process time):
      real time           0.01 seconds
      cpu time            0.01 seconds
      

21476      proc sort data=WORK.M373Z5ZR NOTHREADS;
MPRINT(EM_DIAGRAM):   proc sort data=WORK.M373Z5ZR NOTHREADS;
21477      by NAME;
MPRINT(EM_DIAGRAM):   by NAME;
21478      run;
MPRINT(EM_DIAGRAM):   run;

NOTE: There were 10 observations read from the data set WORK.M373Z5ZR.
NOTE: The data set WORK.M373Z5ZR has 10 observations and 23 variables.
NOTE: PROCEDURE SORT used (Total process time):
      real time           0.00 seconds
      cpu time            0.00 seconds
      

21479      proc sort data=WORK.Impt_MISS NOTHREADS;
MPRINT(EM_DIAGRAM):   proc sort data=WORK.Impt_MISS NOTHREADS;
21480      by NAME;
MPRINT(EM_DIAGRAM):   by NAME;
21481      run;
MPRINT(EM_DIAGRAM):   run;

NOTE: There were 10 observations read from the data set WORK.IMPT_MISS.
NOTE: The data set WORK.IMPT_MISS has 10 observations and 3 variables.
NOTE: PROCEDURE SORT used (Total process time):
      real time           0.00 seconds
      cpu time            0.01 seconds
      

21482      data WORK.M373Z5ZR;
MPRINT(EM_DIAGRAM):   data WORK.M373Z5ZR;
21483      merge WORK.M373Z5ZR WORK.Impt_MISS(in=_b);
MPRINT(EM_DIAGRAM):   merge WORK.M373Z5ZR WORK.Impt_MISS(in=_b);
21484      by NAME;
MPRINT(EM_DIAGRAM):   by NAME;
21485      if _b then output;
MPRINT(EM_DIAGRAM):   if _b then output;
21486      run;
MPRINT(EM_DIAGRAM):   run;

NOTE: There were 10 observations read from the data set WORK.M373Z5ZR.
NOTE: There were 10 observations read from the data set WORK.IMPT_MISS.
NOTE: The data set WORK.M373Z5ZR has 10 observations and 25 variables.
NOTE: DATA statement used (Total process time):
      real time           0.01 seconds
      cpu time            0.01 seconds
      

21487      data WORK.M373Z5ZR;
MPRINT(EM_DIAGRAM):   data WORK.M373Z5ZR;
21488      set WORK.M373Z5ZR;
MPRINT(EM_DIAGRAM):   set WORK.M373Z5ZR;
21489      if 0<PERCENTMISS<50 and method ne 'NONE' then IMPUTE = 1;
MPRINT(EM_DIAGRAM):   if 0<PERCENTMISS<50 and method ne 'NONE' then IMPUTE = 1;
21490      else IMPUTE = 0;
MPRINT(EM_DIAGRAM):   else IMPUTE = 0;
21491      run;
MPRINT(EM_DIAGRAM):   run;

NOTE: There were 10 observations read from the data set WORK.M373Z5ZR.
NOTE: The data set WORK.M373Z5ZR has 10 observations and 26 variables.
NOTE: DATA statement used (Total process time):
      real time           0.12 seconds
      cpu time            0.03 seconds
      

21492      proc dmdb data=WORK.M373Z5ZR outtable=WORK.NEWNAMES nameserver;
MPRINT(EM_DIAGRAM):    proc dmdb data=WORK.M373Z5ZR outtable=WORK.NEWNAMES nameserver;
21493      names NAME;
MPRINT(EM_DIAGRAM):   names NAME;
21494      prefix M_ IMP_;
MPRINT(EM_DIAGRAM):   prefix M_ IMP_;
21495      where IMPUTE=1;
MPRINT(EM_DIAGRAM):   where IMPUTE=1;
21496      run;
MPRINT(EM_DIAGRAM):   run;

NOTE: There were 0 observations read from the data set WORK.M373Z5ZR.
      WHERE IMPUTE=1;
NOTE: The data set WORK.NEWNAMES has 0 observations and 3 variables.
NOTE: PROCEDURE DMDB used (Total process time):
      real time           0.01 seconds
      cpu time            0.00 seconds
      

21497      data WORK.M373Z5ZR;
MPRINT(EM_DIAGRAM):   data WORK.M373Z5ZR;
21498      merge WORK.M373Z5ZR WORK.NEWNAMES;
MPRINT(EM_DIAGRAM):   merge WORK.M373Z5ZR WORK.NEWNAMES;
21499      by NAME;
MPRINT(EM_DIAGRAM):   by NAME;
21500      run;
MPRINT(EM_DIAGRAM):   run;

NOTE: There were 10 observations read from the data set WORK.M373Z5ZR.
NOTE: There were 0 observations read from the data set WORK.NEWNAMES.
NOTE: The data set WORK.M373Z5ZR has 10 observations and 28 variables.
NOTE: DATA statement used (Total process time):
      real time           0.01 seconds
      cpu time            0.00 seconds
      

21501      proc dmdb data=WORK.M373Z5ZR outtable=WORK.NEWNAMES nameserver;
MPRINT(EM_DIAGRAM):   proc dmdb data=WORK.M373Z5ZR outtable=WORK.NEWNAMES nameserver;
21502      names NAME;
MPRINT(EM_DIAGRAM):   names NAME;
21503      prefix M_;
MPRINT(EM_DIAGRAM):   prefix M_;
21504      where IMPUTE=0;
MPRINT(EM_DIAGRAM):   where IMPUTE=0;
21505      run;
MPRINT(EM_DIAGRAM):   run;

NOTE: There were 10 observations read from the data set WORK.M373Z5ZR.
      WHERE IMPUTE=0;
NOTE: The data set WORK.NEWNAMES has 10 observations and 2 variables.
NOTE: PROCEDURE DMDB used (Total process time):
      real time           0.00 seconds
      cpu time            0.00 seconds
      

21506      data WORK.M373Z5ZR;
MPRINT(EM_DIAGRAM):   data WORK.M373Z5ZR;
21507      merge WORK.M373Z5ZR WORK.NEWNAMES;
MPRINT(EM_DIAGRAM):   merge WORK.M373Z5ZR WORK.NEWNAMES;
21508      by NAME;
MPRINT(EM_DIAGRAM):   by NAME;
21509      run;
MPRINT(EM_DIAGRAM):   run;

NOTE: There were 10 observations read from the data set WORK.M373Z5ZR.
NOTE: There were 10 observations read from the data set WORK.NEWNAMES.
NOTE: The data set WORK.M373Z5ZR has 10 observations and 28 variables.
NOTE: DATA statement used (Total process time):
      real time           0.01 seconds
      cpu time            0.00 seconds
      

21510      data WORK.Impt;
MPRINT(EM_DIAGRAM):    data WORK.Impt;
21511      run;
MPRINT(EM_DIAGRAM):   run;

NOTE: The data set WORK.IMPT has 1 observations and 0 variables.
NOTE: DATA statement used (Total process time):
      real time           0.00 seconds
      cpu time            0.01 seconds
      

21512      data EMWS1.Impt_META;
MPRINT(EM_DIAGRAM):    data EMWS1.Impt_META;
21513      set WORK.M373Z5ZR;
MPRINT(EM_DIAGRAM):   set WORK.M373Z5ZR;
21514      VALUE = .;
MPRINT(EM_DIAGRAM):   VALUE = .;
21515      run;
MPRINT(EM_DIAGRAM):   run;

NOTE: There were 10 observations read from the data set WORK.M373Z5ZR.
NOTE: The data set EMWS1.IMPT_META has 10 observations and 29 variables.
NOTE: DATA statement used (Total process time):
      real time           0.01 seconds
      cpu time            0.00 seconds
      

21516      proc print data=EMWS1.Impt_META(obs=500) label noobs;
MPRINT(EM_DIAGRAM):    proc print data=EMWS1.Impt_META(obs=500) label noobs;
21517      label NAME = "%sysfunc(sasmsg(sashelp.dmine, meta_name_vlabel,          NOQUOTE))" LABEL = "%sysfunc(sasmsg(sashelp.dmine, meta_label_vlabel,         NOQUOTE))" PERCENTMISS = "%sysfunc(sasmsg(sashelp.dmine, rpt_percentmissing_vlabel, NOQUOTE))";
MPRINT(EM_DIAGRAM):   label NAME = "Variable Name" LABEL = "Label" PERCENTMISS = "Percent Missing";
21518      var NAME LABEL PERCENTMISS;
MPRINT(EM_DIAGRAM):   var NAME LABEL PERCENTMISS;
21519      where IMP eq '' and PERCENTMISS>50;
MPRINT(EM_DIAGRAM):   where IMP eq '' and PERCENTMISS>50;
21520      title9 "%sysfunc(sasmsg(sashelp.dmine, rpt_rejectedsummary_title, NOQUOTE))";
MPRINT(EM_DIAGRAM):   title9 "Rejected Variables Summary";
21521      title10 "%sysfunc(sasmsg(sashelp.dmine, rpt_numberobs_title,         NOQUOTE))";
MPRINT(EM_DIAGRAM):   title10 "Number Of Observations";
MPRINT(EM_DIAGRAM):   run;
21522      run;

NOTE: No observations were selected from data set EMWS1.IMPT_META.
NOTE: There were 0 observations read from the data set EMWS1.IMPT_META.
      WHERE (IMP=' ') and (PERCENTMISS>50);
NOTE: PROCEDURE PRINT used (Total process time):
      real time           0.30 seconds
      cpu time            0.03 seconds
      

MPRINT(EM_DIAGRAM):    proc printto;
MPRINT(EM_DIAGRAM):   run;
